<?xml version="1.0" encoding="UTF-8"?>
<!-- Generated by org.testng.reporters.JUnitReportReporter -->
<testsuite hostname="DESKTOP-89RMHOU" failures="0" tests="1" name="ecommerce.testautomation" time="24.936" errors="0" timestamp="2023-05-16T18:48:34 EDT" skipped="0">
  <testcase classname="ecommerce.testautomation" name="SubmitOrder" time="24.936"/>
  <system-out/>
</testsuite> <!-- ecommerce.testautomation -->
