<?xml version="1.0" encoding="UTF-8"?>
<!-- Generated by org.testng.reporters.JUnitReportReporter -->
<testsuite hostname="DESKTOP-89RMHOU" failures="0" tests="1" name="ecommerce.PageMobject.errorValidation" time="25.331" errors="0" timestamp="2023-05-09T19:49:32 EDT" skipped="0">
  <testcase classname="ecommerce.PageMobject.errorValidation" name="errorMessgaes" time="25.331"/>
  <system-out/>
</testsuite> <!-- ecommerce.PageMobject.errorValidation -->
